<?xml version="1.0" encoding="UTF-8"?>
<testng-results ignored="0" total="1" passed="1" failed="0" skipped="0">
  <reporter-output>
  </reporter-output>
  <suite started-at="2024-05-25T15:06:37 IST" name="InetbankingV1" finished-at="2024-05-25T15:07:12 IST" duration-ms="35035">
    <groups>
    </groups>
    <test started-at="2024-05-25T15:06:37 IST" name="BankingApp Test" finished-at="2024-05-25T15:07:12 IST" duration-ms="35035">
      <class name="com.Inetbanking.testCases.TC_AddCustomerTest_003">
        <test-method is-config="true" signature="setup(java.lang.String)[pri:0, instance:com.Inetbanking.testCases.TC_AddCustomerTest_003@3c19aaa5]" started-at="2024-05-25T15:06:37 IST" name="setup" finished-at="2024-05-25T15:06:52 IST" duration-ms="14845" status="PASS">
          <params>
            <param index="0">
              <value>
                <![CDATA[Chrome]]>
              </value>
            </param>
          </params>
          <reporter-output>
          </reporter-output>
        </test-method> <!-- setup -->
        <test-method signature="addNewCustomer()[pri:0, instance:com.Inetbanking.testCases.TC_AddCustomerTest_003@3c19aaa5]" started-at="2024-05-25T15:06:52 IST" name="addNewCustomer" finished-at="2024-05-25T15:07:12 IST" duration-ms="19279" status="PASS">
          <reporter-output>
          </reporter-output>
        </test-method> <!-- addNewCustomer -->
        <test-method is-config="true" signature="teardown()[pri:0, instance:com.Inetbanking.testCases.TC_AddCustomerTest_003@3c19aaa5]" started-at="2024-05-25T15:07:12 IST" name="teardown" finished-at="2024-05-25T15:07:12 IST" duration-ms="323" status="PASS">
          <reporter-output>
          </reporter-output>
        </test-method> <!-- teardown -->
      </class> <!-- com.Inetbanking.testCases.TC_AddCustomerTest_003 -->
    </test> <!-- BankingApp Test -->
  </suite> <!-- InetbankingV1 -->
</testng-results>
