<?xml version="1.0" encoding="UTF-8"?>
<testng-results ignored="0" total="1" passed="1" failed="0" skipped="0">
  <reporter-output>
  </reporter-output>
  <suite started-at="2024-05-24T09:56:52 IST" name="InetbankingV1" finished-at="2024-05-24T09:57:20 IST" duration-ms="27818">
    <groups>
    </groups>
    <test started-at="2024-05-24T09:56:52 IST" name="BankingApp Test" finished-at="2024-05-24T09:57:20 IST" duration-ms="27818">
      <class name="com.Inetbanking.testCases.TC_AddCustomerTest_003">
        <test-method is-config="true" signature="setup(java.lang.String)[pri:0, instance:com.Inetbanking.testCases.TC_AddCustomerTest_003@752325ad]" started-at="2024-05-24T09:56:52 IST" name="setup" finished-at="2024-05-24T09:57:00 IST" duration-ms="7420" status="PASS">
          <params>
            <param index="0">
              <value>
                <![CDATA[Chrome]]>
              </value>
            </param>
          </params>
          <reporter-output>
          </reporter-output>
        </test-method> <!-- setup -->
        <test-method signature="addNewCustomer()[pri:0, instance:com.Inetbanking.testCases.TC_AddCustomerTest_003@752325ad]" started-at="2024-05-24T09:57:00 IST" name="addNewCustomer" finished-at="2024-05-24T09:57:19 IST" duration-ms="19393" status="PASS">
          <reporter-output>
          </reporter-output>
        </test-method> <!-- addNewCustomer -->
        <test-method is-config="true" signature="teardown()[pri:0, instance:com.Inetbanking.testCases.TC_AddCustomerTest_003@752325ad]" started-at="2024-05-24T09:57:19 IST" name="teardown" finished-at="2024-05-24T09:57:20 IST" duration-ms="335" status="PASS">
          <reporter-output>
          </reporter-output>
        </test-method> <!-- teardown -->
      </class> <!-- com.Inetbanking.testCases.TC_AddCustomerTest_003 -->
    </test> <!-- BankingApp Test -->
  </suite> <!-- InetbankingV1 -->
</testng-results>
